<?xml version="1.0" encoding="UTF-8"?>
<!-- Generated by org.testng.reporters.JUnitXMLReporter -->
<testsuite ignored="3" hostname="DESKTOP-CGQIUI2" failures="0" tests="0" time="0.045" errors="0" timestamp="2024-08-09T11:21:08 IST">
  <testcase classname="testCases.TC001_AccountRegistrationTest" name="AccRegTest" time="0.0">
    <ignored/>
  </testcase> <!-- AccRegTest -->
  <testcase classname="testCases.TC002_LoginTest" name="Login" time="0.0">
    <ignored/>
  </testcase> <!-- Login -->
  <testcase classname="testCases.TC003_LoginDDT" name="LoginDDTTC" time="0.0">
    <ignored/>
  </testcase> <!-- LoginDDTTC -->
</testsuite>
