<?xml version="1.0" encoding="UTF-8"?>
<testng-results ignored="0" total="1" passed="1" failed="0" skipped="0">
  <reporter-output>
  </reporter-output>
  <suite started-at="2024-08-12T08:59:44 IST" name="Suite" finished-at="2024-08-12T09:00:18 IST" duration-ms="33361">
    <groups>
      <group name="Master">
        <method signature="TC001_AccountRegistrationTest.AccRegTest()[pri:0, instance:testCases.TC001_AccountRegistrationTest@43f02ef2]" name="AccRegTest" class="testCases.TC001_AccountRegistrationTest"/>
      </group> <!-- Master -->
      <group name="Sanity">
        <method signature="TC001_AccountRegistrationTest.AccRegTest()[pri:0, instance:testCases.TC001_AccountRegistrationTest@43f02ef2]" name="AccRegTest" class="testCases.TC001_AccountRegistrationTest"/>
      </group> <!-- Sanity -->
    </groups>
    <test started-at="2024-08-12T08:59:44 IST" name="Test" finished-at="2024-08-12T09:00:18 IST" duration-ms="33361">
      <class name="testCases.TC001_AccountRegistrationTest">
        <test-method is-config="true" signature="setup(java.lang.String,java.lang.String)[pri:0, instance:testCases.TC001_AccountRegistrationTest@43f02ef2]" started-at="2024-08-12T08:59:44 IST" name="setup" finished-at="2024-08-12T09:00:07 IST" duration-ms="22863" status="PASS">
          <params>
            <param index="0">
              <value>
                <![CDATA[windows]]>
              </value>
            </param>
            <param index="1">
              <value>
                <![CDATA[edge]]>
              </value>
            </param>
          </params>
          <reporter-output>
          </reporter-output>
        </test-method> <!-- setup -->
        <test-method signature="AccRegTest()[pri:0, instance:testCases.TC001_AccountRegistrationTest@43f02ef2]" started-at="2024-08-12T09:00:07 IST" name="AccRegTest" finished-at="2024-08-12T09:00:15 IST" duration-ms="8233" status="PASS">
          <reporter-output>
          </reporter-output>
        </test-method> <!-- AccRegTest -->
        <test-method is-config="true" signature="teardown()[pri:0, instance:testCases.TC001_AccountRegistrationTest@43f02ef2]" started-at="2024-08-12T09:00:15 IST" name="teardown" finished-at="2024-08-12T09:00:18 IST" duration-ms="2124" status="PASS">
          <reporter-output>
          </reporter-output>
        </test-method> <!-- teardown -->
      </class> <!-- testCases.TC001_AccountRegistrationTest -->
    </test> <!-- Test -->
  </suite> <!-- Suite -->
</testng-results>
